Diagnose log at 2025-09-13T18:17:22Z

AppPath: C:\Program Files\Git\mingw64\bin\git-credential-manager.exe
InstallDir: C:\Program Files\Git\mingw64\bin\
Version: 2.6.0+3c28096588f549cb46f36b552390514356830abe

------------
Diagnostic: Environment
Skipped: False
Success: True
Exception: None
Log:
OSType: Windows
OSVersion: 10.0 (build 26100)
Reading environment variables... OK
 Variables:
HOMEPATH=\Users\ajay ramasamy j
DriverData=C:\Windows\System32\Drivers\DriverData
COMPUTERNAME=LAPTOP-K0GSN1JL
GIT_TRACE2_PARENT_SID=80f04e0b-6aa3-4ed9-8e18-8f80d541df56
CommonProgramFiles(x86)=C:\Program Files (x86)\Common Files
OneDrive=C:\Users\ajay ramasamy j\OneDrive
ChocolateyLastPathUpdate=133830571328993304
SESSIONNAME=Console
EFC_6348_1592913036=1
NVIDIAWHITELISTED=0x01
LANG=en_US.UTF-8
TMP=C:\Users\AJAYRA~1\AppData\Local\Temp
PROCESSOR_REVISION=9a03
PATHEXT=.COM;.EXE;.BAT;.CMD;.VBS;.VBE;.JS;.JSE;.WSF;.WSH;.MSC;.PY;.PYW;.CPL
GIT_ASKPASS=c:\Users\ajay ramasamy j\AppData\Local\Programs\Microsoft VS Code\resources\app\extensions\git\dist\askpass.sh
GIT_EXEC_PATH=C:/Program Files/Git/mingw64/libexec/git-core
java_home=C:\Program Files\Java\jdk-23
TEMP=C:\Users\AJAYRA~1\AppData\Local\Temp
LOCALAPPDATA=C:\Users\ajay ramasamy j\AppData\Local
MSYSTEM=MINGW64
TERM=xterm-256color
PROCESSOR_IDENTIFIER=Intel64 Family 6 Model 154 Stepping 3, GenuineIntel
ProgramW6432=C:\Program Files
windir=C:\WINDOWS
USERDOMAIN=LAPTOP-K0GSN1JL
Path=C:/Program Files/Git/mingw64/libexec/git-core;C:\Program Files\Git\mingw64\bin;C:\Program Files\Git\usr\bin;C:\Users\ajay ramasamy j\bin;C:\Python313\Scripts\;C:\Python313\;C:\ffmpeg\bin;C:\Program Files\Common Files\Oracle\Java\javapath;C:\Windows\system32;C:\Windows;C:\Windows\System32\Wbem;C:\Windows\System32\WindowsPowerShell\v1.0\;C:\Windows\System32\OpenSSH\;C:\Program Files (x86)\NVIDIA Corporation\PhysX\Common;C:\Program Files\NVIDIA Corporation\NVIDIA NvDLISR;C:\MinGW\bin;C:\Program Files\Java\jdk-23\bin;C:\Program Files\Git\cmd;C:\Users\ajay ramasamy j\AppData\Local\Programs\Python\Python312\Scripts\;C:\Users\ajay ramasamy j\AppData\Local\Programs\Python\Python312\;C:\Users\ajay ramasamy j\AppData\Local\Programs\Python\Launcher\;C:\Users\ajay ramasamy j\AppData\Local\Microsoft\WindowsApps;C:\Users\ajay ramasamy j\AppData\Local\Programs\Microsoft VS Code\bin;C:\Users\ajay ramasamy j;C:\Users\ajay ramasamy j\AppData\Roaming\npm;C:\WINDOWS\system32;C:\WINDOWS;C:\WINDOWS\System32\Wbem;C:\WINDOWS\System32\WindowsPowerShell\v1.0\;C:\WINDOWS\System32\OpenSSH\;C:\Users\ajay ramasamy j\AppData\Local\Programs\Python\Python312\Scripts\jupyter-notebook.exe;C:\Program Files (x86)\Microsoft SQL Server\160\Tools\Binn\;C:\Program Files\Microsoft SQL Server\160\Tools\Binn\;C:\Program Files\Microsoft SQL Server\Client SDK\ODBC\170\Tools\Binn\;C:\Program Files\Microsoft SQL Server\160\DTS\Binn\;C:\Program Files (x86)\Microsoft SQL Server\160\DTS\Binn\;C:\ProgramData\chocolatey\bin;C:\Program Files\nodejs\;C:\Program Files\MySQL\MySQL Server 8.0\bin;C:\Users\ajay ramasamy j\AppData\Local\Programs\Python\Python312\Scripts\;C:\Users\ajay ramasamy j\AppData\Local\Programs\Python\Python312\;C:\Users\ajay ramasamy j\.cargo\bin;C:\Program Files\MySQL\MySQL Shell 8.0\bin\;C:\Users\ajay ramasamy j\AppData\Local\Programs\Python\Launcher\;C:\Users\ajay ramasamy j\AppData\Local\Microsoft\WindowsApps;C:\Users\ajay ramasamy j\AppData\Local\Programs\Microsoft VS Code\bin;C:\Program Files\Java\jdk-23\bin;C:\Users\ajay ramasamy j;C:\MinGW\bin;C:\Users\ajay ramasamy j\AppData\Roaming\npm
TERM_PROGRAM=vscode
PROCESSOR_LEVEL=6
NUMBER_OF_PROCESSORS=12
TMPDIR=C:\Users\AJAYRA~1\AppData\Local\Temp
VSCODE_GIT_ASKPASS_EXTRA_ARGS=
TERM_PROGRAM_VERSION=1.103.2
VSCODE_GIT_ASKPASS_MAIN=c:\Users\ajay ramasamy j\AppData\Local\Programs\Microsoft VS Code\resources\app\extensions\git\dist\askpass-main.js
ProgramFiles(x86)=C:\Program Files (x86)
PUBLIC=C:\Users\Public
VSCODE_GIT_IPC_HANDLE=\\.\pipe\vscode-git-6a0c9a4855-sock
FPS_BROWSER_USER_PROFILE_STRING=Default
CommonProgramFiles=C:\Program Files (x86)\Common Files
FONTCONFIG_FILE=C:\Windows\fonts.conf
VSCODE_INJECTION=1
CHROME_CRASHPAD_PIPE_NAME=\\.\pipe\crashpad_9068_MMRBPZEWGNNKVABU
asl.log=Destination=file
SHIM_MCCOMPAT=0x810000001
PLINK_PROTOCOL=ssh
ProgramData=C:\ProgramData
ProgramFiles=C:\Program Files (x86)
ChocolateyInstall=C:\ProgramData\chocolatey
VSCODE_GIT_ASKPASS_NODE=C:\Users\ajay ramasamy j\AppData\Local\Programs\Microsoft VS Code\Code.exe
SystemRoot=C:\WINDOWS
ORIGINAL_XDG_CURRENT_DESKTOP=undefined
HOME=C:\Users\ajay ramasamy j
CommonProgramW6432=C:\Program Files\Common Files
ZES_ENABLE_SYSMAN=1
LOGONSERVER=\\LAPTOP-K0GSN1JL
USERPROFILE=C:\Users\ajay ramasamy j
COLORTERM=truecolor
USERDOMAIN_ROAMINGPROFILE=LAPTOP-K0GSN1JL
APPDATA=C:\Users\ajay ramasamy j\AppData\Roaming
HOMEDRIVE=C:
PSModulePath=C:\Users\ajay ramasamy j\OneDrive\Pictures\Documents\WindowsPowerShell\Modules;C:\Program Files\WindowsPowerShell\Modules;C:\WINDOWS\system32\WindowsPowerShell\v1.0\Modules;C:\Program Files (x86)\Microsoft SQL Server\160\Tools\PowerShell\Modules\
USERNAME=ajay ramasamy j
PROCESSOR_ARCHITEW6432=AMD64
FPS_BROWSER_APP_PROFILE_STRING=Internet Explorer
PROCESSOR_ARCHITECTURE=x86
OS=Windows_NT
ComSpec=C:\WINDOWS\system32\cmd.exe
SystemDrive=C:
PT8HOME=C:\Program Files\Cisco Packet Tracer 8.2.2
OneDriveConsumer=C:\Users\ajay ramasamy j\OneDrive
ALLUSERSPROFILE=C:\ProgramData


------------
Diagnostic: File system
Skipped: False
Success: True
Exception: None
Log:
Temporary directory is 'C:\Users\ajay ramasamy j\AppData\Local\Temp\'...
Checking basic file I/O...
Writing to temporary file 'C:\Users\ajay ramasamy j\AppData\Local\Temp\1c1f46709fea7f12983f74e5'... OK
Reading from temporary file 'C:\Users\ajay ramasamy j\AppData\Local\Temp\1c1f46709fea7f12983f74e5'... OK
Deleting temporary file 'C:\Users\ajay ramasamy j\AppData\Local\Temp\1c1f46709fea7f12983f74e5'... OK
Testing IFileSystem instance...
UserHomePath: C:\Users\ajay ramasamy j
UserDataDirectoryPath: C:\Users\ajay ramasamy j\.gcm
GetCurrentDirectory(): C:\Users\ajay ramasamy j\OneDrive\Desktop\javaio\Daily practice

------------
Diagnostic: Networking
Skipped: False
Success: True
Exception: None
Log:
Checking networking and HTTP stack...
Creating HTTP client... OK
IsNetworkAvailable: True
Sending HEAD request to http://example.com...Sending HEAD request to https://example.com... OK
 OK
Acquiring free TCP port... OK
Testing local HTTP loopback connections...
Creating new HTTP listener for http://localhost:52705/... OK
Waiting for loopback connection... OK
Writing response... OK
Waiting for response data... OK
Loopback connection data OK

------------
Diagnostic: Git
Skipped: False
Success: True
Exception: None
Log:
Getting Git version... OK
Git version is '2.47.1.windows.1'
Locating current repository...Git repository at 'C:/Users/ajay ramasamy j/OneDrive/Desktop/javaio/Daily practice/.git'
 OK
Listing all Git configuration... OK
Git configuration:
file:C:/Program Files/Git/etc/gitconfig	diff.astextplain.textconv=astextplain
file:C:/Program Files/Git/etc/gitconfig	filter.lfs.clean=git-lfs clean -- %f
file:C:/Program Files/Git/etc/gitconfig	filter.lfs.smudge=git-lfs smudge -- %f
file:C:/Program Files/Git/etc/gitconfig	filter.lfs.process=git-lfs filter-process
file:C:/Program Files/Git/etc/gitconfig	filter.lfs.required=true
file:C:/Program Files/Git/etc/gitconfig	http.sslbackend=openssl
file:C:/Program Files/Git/etc/gitconfig	http.sslcainfo=C:/Program Files/Git/mingw64/etc/ssl/certs/ca-bundle.crt
file:C:/Program Files/Git/etc/gitconfig	core.autocrlf=true
file:C:/Program Files/Git/etc/gitconfig	core.fscache=true
file:C:/Program Files/Git/etc/gitconfig	core.symlinks=false
file:C:/Program Files/Git/etc/gitconfig	pull.rebase=false
file:C:/Program Files/Git/etc/gitconfig	credential.helper=manager
file:C:/Program Files/Git/etc/gitconfig	credential.https://dev.azure.com.usehttppath=true
file:C:/Program Files/Git/etc/gitconfig	init.defaultbranch=master
file:C:/Users/ajay ramasamy j/.gitconfig	user.email=ajayem1222@gmail.com
file:C:/Users/ajay ramasamy j/.gitconfig	user.name=ajay
file:C:/Users/ajay ramasamy j/.gitconfig	credential.username=simple
file:C:/Users/ajay ramasamy j/.gitconfig	credential.helper=manager
file:C:/Users/ajay ramasamy j/.gitconfig	filter.lfs.clean=git-lfs clean -- %f
file:C:/Users/ajay ramasamy j/.gitconfig	filter.lfs.smudge=git-lfs smudge -- %f
file:C:/Users/ajay ramasamy j/.gitconfig	filter.lfs.process=git-lfs filter-process
file:C:/Users/ajay ramasamy j/.gitconfig	filter.lfs.required=true
file:.git/config	core.repositoryformatversion=0
file:.git/config	core.filemode=false
file:.git/config	core.bare=false
file:.git/config	core.logallrefupdates=true
file:.git/config	core.symlinks=false
file:.git/config	core.ignorecase=true
file:.git/config	remote.origin.url=https://github.com/ajay-ramasamy/Daily-practice.git
file:.git/config	remote.origin.fetch=+refs/heads/*:refs/remotes/origin/*
file:.git/config	branch.main.remote=origin
file:.git/config	branch.main.merge=refs/heads/main


------------
Diagnostic: Credential storage
Skipped: False
Success: True
Exception: None
Log:
ICredentialStore instance is of type: CredentialStore
Writing test credential... OK
Reading test credential... OK
Deleting test credential... OK

------------
Diagnostic: Microsoft authentication (AAD/MSA)
Skipped: False
Success: True
Exception: None
Log:
Broker is not enabled.
Flow type is: Auto
Gathering MSAL token cache data... OK
CacheDirectory: C:\Users\ajay ramasamy j\AppData\Local\.IdentityService
CacheFileName: msal.cache
CacheFilePath: C:\Users\ajay ramasamy j\AppData\Local\.IdentityService\msal.cache
Creating cache helper... OK
Verifying MSAL token cache persistence... OK

------------
Diagnostic: GitHub API
Skipped: False
Success: True
Exception: None
Log:
Using 'https://github.com/' as API target.
Querying '/meta' endpoint... OK

